# JRE version: Java(TM) SE Runtime Environment (8.0_101-b13) (build 1.8.0_101-b13)
# Java VM: Java HotSpot(TM) 64-Bit Server VM (25.101-b13 mixed mode windows-amd64 compressed oops)
Heap:
 PSYoungGen      total 1379328K, used 1164486K [0x000000076b180000, 0x00000007bff00000, 0x00000007c0000000)
  eden space 1370112K, 84% used [0x000000076b180000,0x00000007b22719e0,0x00000007beb80000)
  from space 9216K, 2% used [0x00000007beb80000,0x00000007bebc0000,0x00000007bf480000)
  to   space 8704K, 0% used [0x00000007bf680000,0x00000007bf680000,0x00000007bff00000)
 ParOldGen       total 340480K, used 143440K [0x00000006c1400000, 0x00000006d6080000, 0x000000076b180000)
  object space 340480K, 42% used [0x00000006c1400000,0x00000006ca014000,0x00000006d6080000)
 Metaspace       used 54078K, capacity 56552K, committed 56960K, reserved 1097728K
  class space    used 6954K, capacity 7957K, committed 8064K, reserved 1048576K
GC Heap History (10 events):
Event: 2974.735 GC heap before
{Heap before GC invocations=50 (full 3):
 PSYoungGen      total 1375232K, used 1362688K [0x000000076b180000, 0x00000007bfd80000, 0x00000007c0000000)
  eden space 1362432K, 100% used [0x000000076b180000,0x00000007be400000,0x00000007be400000)
  from space 12800K, 2% used [0x00000007bf000000,0x00000007bf040000,0x00000007bfc80000)
  to   space 12288K, 0% used [0x00000007be400000,0x00000007be400000,0x00000007bf000000)
 ParOldGen       total 340480K, used 143312K [0x00000006c1400000, 0x00000006d6080000, 0x000000076b180000)
  object space 340480K, 42% used [0x00000006c1400000,0x00000006c9ff4000,0x00000006d6080000)
 Metaspace       used 54024K, capacity 56482K, committed 56704K, reserved 1097728K
  class space    used 6953K, capacity 7956K, committed 8064K, reserved 1048576K
Event: 2974.737 GC heap after
Heap after GC invocations=50 (full 3):
 PSYoungGen      total 1374720K, used 320K [0x000000076b180000, 0x00000007bfd80000, 0x00000007c0000000)
  eden space 1362432K, 0% used [0x000000076b180000,0x000000076b180000,0x00000007be400000)
  from space 12288K, 2% used [0x00000007be400000,0x00000007be450000,0x00000007bf000000)
  to   space 11264K, 0% used [0x00000007bf280000,0x00000007bf280000,0x00000007bfd80000)
 ParOldGen       total 340480K, used 143328K [0x00000006c1400000, 0x00000006d6080000, 0x000000076b180000)
  object space 340480K, 42% used [0x00000006c1400000,0x00000006c9ff8000,0x00000006d6080000)
 Metaspace       used 54024K, capacity 56482K, committed 56704K, reserved 1097728K
  class space    used 6953K, capacity 7956K, committed 8064K, reserved 1048576K
}
Event: 2974.751 GC heap before
{Heap before GC invocations=51 (full 3):
 PSYoungGen      total 1374720K, used 1362752K [0x000000076b180000, 0x00000007bfd80000, 0x00000007c0000000)
  eden space 1362432K, 100% used [0x000000076b180000,0x00000007be400000,0x00000007be400000)
  from space 12288K, 2% used [0x00000007be400000,0x00000007be450000,0x00000007bf000000)
  to   space 11264K, 0% used [0x00000007bf280000,0x00000007bf280000,0x00000007bfd80000)
 ParOldGen       total 340480K, used 143328K [0x00000006c1400000, 0x00000006d6080000, 0x000000076b180000)
  object space 340480K, 42% used [0x00000006c1400000,0x00000006c9ff8000,0x00000006d6080000)
 Metaspace       used 54024K, capacity 56482K, committed 56704K, reserved 1097728K
  class space    used 6953K, capacity 7956K, committed 8064K, reserved 1048576K
Event: 2974.753 GC heap after
Heap after GC invocations=51 (full 3):
 PSYoungGen      total 1377792K, used 224K [0x000000076b180000, 0x00000007bfe00000, 0x00000007c0000000)
  eden space 1366528K, 0% used [0x000000076b180000,0x000000076b180000,0x00000007be800000)
  from space 11264K, 1% used [0x00000007bf280000,0x00000007bf2b8000,0x00000007bfd80000)
  to   space 10752K, 0% used [0x00000007be800000,0x00000007be800000,0x00000007bf280000)
 ParOldGen       total 340480K, used 143360K [0x00000006c1400000, 0x00000006d6080000, 0x000000076b180000)
  object space 340480K, 42% used [0x00000006c1400000,0x00000006ca000000,0x00000006d6080000)
 Metaspace       used 54024K, capacity 56482K, committed 56704K, reserved 1097728K
  class space    used 6953K, capacity 7956K, committed 8064K, reserved 1048576K
}
Event: 2974.764 GC heap before
{Heap before GC invocations=52 (full 3):
 PSYoungGen      total 1377792K, used 1366752K [0x000000076b180000, 0x00000007bfe00000, 0x00000007c0000000)
  eden space 1366528K, 100% used [0x000000076b180000,0x00000007be800000,0x00000007be800000)
  from space 11264K, 1% used [0x00000007bf280000,0x00000007bf2b8000,0x00000007bfd80000)
  to   space 10752K, 0% used [0x00000007be800000,0x00000007be800000,0x00000007bf280000)
 ParOldGen       total 340480K, used 143360K [0x00000006c1400000, 0x00000006d6080000, 0x000000076b180000)
  object space 340480K, 42% used [0x00000006c1400000,0x00000006ca000000,0x00000006d6080000)
 Metaspace       used 54024K, capacity 56482K, committed 56704K, reserved 1097728K
  class space    used 6953K, capacity 7956K, committed 8064K, reserved 1048576K
Event: 2974.766 GC heap after
Heap after GC invocations=52 (full 3):
 PSYoungGen      total 1377280K, used 320K [0x000000076b180000, 0x00000007bfe80000, 0x00000007c0000000)
  eden space 1366528K, 0% used [0x000000076b180000,0x000000076b180000,0x00000007be800000)
  from space 10752K, 2% used [0x00000007be800000,0x00000007be850000,0x00000007bf280000)
  to   space 10240K, 0% used [0x00000007bf480000,0x00000007bf480000,0x00000007bfe80000)
 ParOldGen       total 340480K, used 143400K [0x00000006c1400000, 0x00000006d6080000, 0x000000076b180000)
  object space 340480K, 42% used [0x00000006c1400000,0x00000006ca00a000,0x00000006d6080000)
 Metaspace       used 54024K, capacity 56482K, committed 56704K, reserved 1097728K
  class space    used 6953K, capacity 7956K, committed 8064K, reserved 1048576K
}
Event: 2974.779 GC heap before
{Heap before GC invocations=53 (full 3):
 PSYoungGen      total 1377280K, used 1366848K [0x000000076b180000, 0x00000007bfe80000, 0x00000007c0000000)
  eden space 1366528K, 100% used [0x000000076b180000,0x00000007be800000,0x00000007be800000)
  from space 10752K, 2% used [0x00000007be800000,0x00000007be850000,0x00000007bf280000)
  to   space 10240K, 0% used [0x00000007bf480000,0x00000007bf480000,0x00000007bfe80000)
 ParOldGen       total 340480K, used 143400K [0x00000006c1400000, 0x00000006d6080000, 0x000000076b180000)
  object space 340480K, 42% used [0x00000006c1400000,0x00000006ca00a000,0x00000006d6080000)
 Metaspace       used 54024K, capacity 56482K, committed 56704K, reserved 1097728K
  class space    used 6953K, capacity 7956K, committed 8064K, reserved 1048576K
Event: 2974.781 GC heap after
Heap after GC invocations=53 (full 3):
 PSYoungGen      total 1379328K, used 160K [0x000000076b180000, 0x00000007bfd80000, 0x00000007c0000000)
  eden space 1370112K, 0% used [0x000000076b180000,0x000000076b180000,0x00000007beb80000)
  from space 9216K, 1% used [0x00000007bf480000,0x00000007bf4a8000,0x00000007bfd80000)
  to   space 9216K, 0% used [0x00000007beb80000,0x00000007beb80000,0x00000007bf480000)
 ParOldGen       total 340480K, used 143408K [0x00000006c1400000, 0x00000006d6080000, 0x000000076b180000)
  object space 340480K, 42% used [0x00000006c1400000,0x00000006ca00c000,0x00000006d6080000)
 Metaspace       used 54024K, capacity 56482K, committed 56704K, reserved 1097728K
  class space    used 6953K, capacity 7956K, committed 8064K, reserved 1048576K
}
Event: 2974.794 GC heap before
{Heap before GC invocations=54 (full 3):
 PSYoungGen      total 1379328K, used 1370272K [0x000000076b180000, 0x00000007bfd80000, 0x00000007c0000000)
  eden space 1370112K, 100% used [0x000000076b180000,0x00000007beb80000,0x00000007beb80000)
  from space 9216K, 1% used [0x00000007bf480000,0x00000007bf4a8000,0x00000007bfd80000)
  to   space 9216K, 0% used [0x00000007beb80000,0x00000007beb80000,0x00000007bf480000)
 ParOldGen       total 340480K, used 143408K [0x00000006c1400000, 0x00000006d6080000, 0x000000076b180000)
  object space 340480K, 42% used [0x00000006c1400000,0x00000006ca00c000,0x00000006d6080000)
 Metaspace       used 54024K, capacity 56482K, committed 56704K, reserved 1097728K
  class space    used 6953K, capacity 7956K, committed 8064K, reserved 1048576K
Event: 2974.797 GC heap after
Heap after GC invocations=54 (full 3):
 PSYoungGen      total 1379328K, used 256K [0x000000076b180000, 0x00000007bff00000, 0x00000007c0000000)
  eden space 1370112K, 0% used [0x000000076b180000,0x000000076b180000,0x00000007beb80000)
  from space 9216K, 2% used [0x00000007beb80000,0x00000007bebc0000,0x00000007bf480000)
  to   space 8704K, 0% used [0x00000007bf680000,0x00000007bf680000,0x00000007bff00000)
 ParOldGen       total 340480K, used 143440K [0x00000006c1400000, 0x00000006d6080000, 0x000000076b180000)
  object space 340480K, 42% used [0x00000006c1400000,0x00000006ca014000,0x00000006d6080000)
 Metaspace       used 54024K, capacity 56482K, committed 56704K, reserved 1097728K
  class space    used 6953K, capacity 7956K, committed 8064K, reserved 1048576K
}

